<?xml version="1.0" encoding="UTF-8"?>
<robot generator="Robot 7.3.2 (Python 3.11.9 on win32)" generated="2025-10-22T22:20:56.874997" rpa="false" schemaversion="5">
<suite id="s1" name="Test" source="C:\Users\user\PycharmProjects\PythonProject1\testCases\test.robot">
<test id="s1-t1" name="PARABANK_TEST" line="11">
<kw name="Sign up" owner="resources">
<kw name="Open Browser" owner="SeleniumLibrary">
<msg time="2025-10-22T22:20:57.214226" level="INFO">Opening browser 'Chrome' to base url 'https://parabank.parasoft.com/parabank/index.htm'.</msg>
<arg>${baseUrl}</arg>
<arg>Chrome</arg>
<doc>Opens a new browser instance to the optional ``url``.</doc>
<status status="PASS" start="2025-10-22T22:20:57.214226" elapsed="8.894029"/>
</kw>
<kw name="Wait Until Page Contains Element" owner="SeleniumLibrary">
<arg>${logInButton}</arg>
<arg>timeout=80</arg>
<arg>error=logInButtonNotFound</arg>
<doc>Waits until the element ``locator`` appears on the current page.</doc>
<status status="PASS" start="2025-10-22T22:21:06.109301" elapsed="0.017521"/>
</kw>
<kw name="Sleep" owner="BuiltIn">
<msg time="2025-10-22T22:21:07.128636" level="INFO">Slept 1 second.</msg>
<arg>1s</arg>
<doc>Pauses the test executed for the given time.</doc>
<status status="PASS" start="2025-10-22T22:21:06.127824" elapsed="1.000812"/>
</kw>
<kw name="Click Element" owner="SeleniumLibrary">
<msg time="2025-10-22T22:21:07.129602" level="INFO">Clicking element '//*[@id="loginPanel"]/p[2]/a'.</msg>
<arg>${logInButton}</arg>
<doc>Click the element identified by ``locator``.</doc>
<status status="PASS" start="2025-10-22T22:21:07.128636" elapsed="1.847308"/>
</kw>
<kw name="Wait Until Page Contains Element" owner="SeleniumLibrary">
<arg>${UserFirstnameField}</arg>
<arg>timeout=80</arg>
<arg>error=UserFirstnameFieldNotFound</arg>
<doc>Waits until the element ``locator`` appears on the current page.</doc>
<status status="PASS" start="2025-10-22T22:21:08.975944" elapsed="0.015581"/>
</kw>
<kw name="Sleep" owner="BuiltIn">
<msg time="2025-10-22T22:21:09.991743" level="INFO">Slept 1 second.</msg>
<arg>1s</arg>
<doc>Pauses the test executed for the given time.</doc>
<status status="PASS" start="2025-10-22T22:21:08.991525" elapsed="1.000218"/>
</kw>
<kw name="Input Text" owner="SeleniumLibrary">
<msg time="2025-10-22T22:21:09.992825" level="INFO">Typing text 'Galina' into text field '//*[@id="customer.firstName"]'.</msg>
<arg>${UserFirstnameField}</arg>
<arg>${Firstname}</arg>
<doc>Types the given ``text`` into the text field identified by ``locator``.</doc>
<status status="PASS" start="2025-10-22T22:21:09.991743" elapsed="0.102933"/>
</kw>
<kw name="Input Text" owner="SeleniumLibrary">
<msg time="2025-10-22T22:21:10.094676" level="INFO">Typing text 'Bessonova' into text field '//*[@id="customer.lastName"]'.</msg>
<arg>${UserLastnameField}</arg>
<arg>${lastname}</arg>
<doc>Types the given ``text`` into the text field identified by ``locator``.</doc>
<status status="PASS" start="2025-10-22T22:21:10.094676" elapsed="0.067835"/>
</kw>
<kw name="Input Text" owner="SeleniumLibrary">
<msg time="2025-10-22T22:21:10.163515" level="INFO">Typing text '123 Main St.' into text field '//*[@id="customer.address.street"]'.</msg>
<arg>${UserAddress}</arg>
<arg>${address}</arg>
<doc>Types the given ``text`` into the text field identified by ``locator``.</doc>
<status status="PASS" start="2025-10-22T22:21:10.162511" elapsed="0.069461"/>
</kw>
<kw name="Input Text" owner="SeleniumLibrary">
<msg time="2025-10-22T22:21:10.231972" level="INFO">Typing text 'Milano' into text field '//*[@id="customer.address.city"]'.</msg>
<arg>${UserCity}</arg>
<arg>${city}</arg>
<doc>Types the given ``text`` into the text field identified by ``locator``.</doc>
<status status="PASS" start="2025-10-22T22:21:10.231972" elapsed="0.064258"/>
</kw>
<kw name="Input Text" owner="SeleniumLibrary">
<msg time="2025-10-22T22:21:10.297243" level="INFO">Typing text 'NY' into text field '//*[@id="customer.address.state"]'.</msg>
<arg>${UserState}</arg>
<arg>${state}</arg>
<doc>Types the given ``text`` into the text field identified by ``locator``.</doc>
<status status="PASS" start="2025-10-22T22:21:10.296230" elapsed="0.060800"/>
</kw>
<kw name="Input Text" owner="SeleniumLibrary">
<msg time="2025-10-22T22:21:10.358029" level="INFO">Typing text '12345' into text field '//*[@id="customer.address.zipCode"]'.</msg>
<arg>${UserZipCode}</arg>
<arg>${zipcode}</arg>
<doc>Types the given ``text`` into the text field identified by ``locator``.</doc>
<status status="PASS" start="2025-10-22T22:21:10.358029" elapsed="0.065018"/>
</kw>
<kw name="Input Text" owner="SeleniumLibrary">
<msg time="2025-10-22T22:21:10.424047" level="INFO">Typing text '55555' into text field '//*[@id="customer.phoneNumber"]'.</msg>
<arg>${UserPhone}</arg>
<arg>${phone}</arg>
<doc>Types the given ``text`` into the text field identified by ``locator``.</doc>
<status status="PASS" start="2025-10-22T22:21:10.424047" elapsed="0.064747"/>
</kw>
<kw name="Input Text" owner="SeleniumLibrary">
<msg time="2025-10-22T22:21:10.488794" level="INFO">Typing text '12345' into text field '//*[@id="customer.ssn"]'.</msg>
<arg>${UserSSN}</arg>
<arg>${SSN}</arg>
<doc>Types the given ``text`` into the text field identified by ``locator``.</doc>
<status status="PASS" start="2025-10-22T22:21:10.488794" elapsed="0.085131"/>
</kw>
<kw name="Input Text" owner="SeleniumLibrary">
<msg time="2025-10-22T22:21:10.574936" level="INFO">Typing text 'john' into text field '//*[@id="customer.username"]'.</msg>
<arg>${Username}</arg>
<arg>${name}</arg>
<doc>Types the given ``text`` into the text field identified by ``locator``.</doc>
<status status="PASS" start="2025-10-22T22:21:10.573925" elapsed="0.082125"/>
</kw>
<kw name="Input Text" owner="SeleniumLibrary">
<msg time="2025-10-22T22:21:10.656548" level="INFO">Typing text '241540' into text field '//*[@id="customer.password"]'.</msg>
<arg>${UserPassword}</arg>
<arg>${password}</arg>
<doc>Types the given ``text`` into the text field identified by ``locator``.</doc>
<status status="PASS" start="2025-10-22T22:21:10.656548" elapsed="0.084216"/>
</kw>
<kw name="Input Text" owner="SeleniumLibrary">
<msg time="2025-10-22T22:21:10.740764" level="INFO">Typing text '241540' into text field '//*[@id="repeatedPassword"]'.</msg>
<arg>${UserConfirm}</arg>
<arg>${confirm}</arg>
<doc>Types the given ``text`` into the text field identified by ``locator``.</doc>
<status status="PASS" start="2025-10-22T22:21:10.740764" elapsed="0.083911"/>
</kw>
<kw name="Sleep" owner="BuiltIn">
<msg time="2025-10-22T22:21:11.824898" level="INFO">Slept 1 second.</msg>
<arg>1s</arg>
<doc>Pauses the test executed for the given time.</doc>
<status status="PASS" start="2025-10-22T22:21:10.824675" elapsed="1.000223"/>
</kw>
<kw name="Click Element" owner="SeleniumLibrary">
<msg time="2025-10-22T22:21:11.826016" level="INFO">Clicking element '//*[@value="Register"]'.</msg>
<arg>${finishRegistr}</arg>
<doc>Click the element identified by ``locator``.</doc>
<status status="PASS" start="2025-10-22T22:21:11.824898" elapsed="0.679089"/>
</kw>
<kw name="Sleep" owner="BuiltIn">
<msg time="2025-10-22T22:21:14.505370" level="INFO">Slept 2 seconds.</msg>
<arg>2s</arg>
<doc>Pauses the test executed for the given time.</doc>
<status status="PASS" start="2025-10-22T22:21:12.503987" elapsed="2.001383"/>
</kw>
<status status="PASS" start="2025-10-22T22:20:57.212229" elapsed="17.293141"/>
</kw>
<kw name="Log in" owner="resources">
<kw name="Open Browser" owner="SeleniumLibrary">
<msg time="2025-10-22T22:21:14.507442" level="INFO">Opening browser 'Chrome' to base url 'https://parabank.parasoft.com/parabank/index.htm'.</msg>
<arg>${baseUrl}</arg>
<arg>Chrome</arg>
<doc>Opens a new browser instance to the optional ``url``.</doc>
<status status="PASS" start="2025-10-22T22:21:14.507442" elapsed="10.057763"/>
</kw>
<kw name="Wait Until Page Contains Element" owner="SeleniumLibrary">
<arg>${signUpUsername}</arg>
<arg>timeout=80</arg>
<arg>error=signUpUsernameNotFound</arg>
<doc>Waits until the element ``locator`` appears on the current page.</doc>
<status status="PASS" start="2025-10-22T22:21:24.565205" elapsed="0.017111"/>
</kw>
<kw name="Sleep" owner="BuiltIn">
<msg time="2025-10-22T22:21:25.583624" level="INFO">Slept 1 second.</msg>
<arg>1s</arg>
<doc>Pauses the test executed for the given time.</doc>
<status status="PASS" start="2025-10-22T22:21:24.583359" elapsed="1.000265"/>
</kw>
<kw name="Input Text" owner="SeleniumLibrary">
<msg time="2025-10-22T22:21:25.584697" level="INFO">Typing text 'john' into text field '//*[@id="loginPanel"]/form/div[1]/input'.</msg>
<arg>${signUpUsername}</arg>
<arg>${loginUserName}</arg>
<doc>Types the given ``text`` into the text field identified by ``locator``.</doc>
<status status="PASS" start="2025-10-22T22:21:25.583624" elapsed="0.094116"/>
</kw>
<kw name="Sleep" owner="BuiltIn">
<msg time="2025-10-22T22:21:27.678704" level="INFO">Slept 2 seconds.</msg>
<arg>2s</arg>
<doc>Pauses the test executed for the given time.</doc>
<status status="PASS" start="2025-10-22T22:21:25.677740" elapsed="2.000964"/>
</kw>
<kw name="Input Password" owner="SeleniumLibrary">
<msg time="2025-10-22T22:21:27.679618" level="INFO">Typing password into text field '//*[@id="loginPanel"]/form/div[2]/input'.</msg>
<msg time="2025-10-22T22:21:27.724110" level="INFO">Temporally setting log level to: NONE</msg>
<arg>${signUpPassword}</arg>
<arg>${loginPassword}</arg>
<doc>Types the given password into the text field identified by ``locator``.</doc>
<status status="PASS" start="2025-10-22T22:21:27.679618" elapsed="0.087935"/>
</kw>
<kw name="Sleep" owner="BuiltIn">
<msg time="2025-10-22T22:21:29.768124" level="INFO">Slept 2 seconds.</msg>
<arg>2s</arg>
<doc>Pauses the test executed for the given time.</doc>
<status status="PASS" start="2025-10-22T22:21:27.767553" elapsed="2.000571"/>
</kw>
<kw name="Click Element" owner="SeleniumLibrary">
<msg time="2025-10-22T22:21:29.769058" level="INFO">Clicking element '//*[@id="loginPanel"]/form/div[3]/input'.</msg>
<arg>${signUpFormButton}</arg>
<doc>Click the element identified by ``locator``.</doc>
<status status="PASS" start="2025-10-22T22:21:29.768124" elapsed="3.935928"/>
</kw>
<kw name="Sleep" owner="BuiltIn">
<msg time="2025-10-22T22:21:35.705015" level="INFO">Slept 2 seconds.</msg>
<arg>2s</arg>
<doc>Pauses the test executed for the given time.</doc>
<status status="PASS" start="2025-10-22T22:21:33.704052" elapsed="2.000963"/>
</kw>
<status status="PASS" start="2025-10-22T22:21:14.506454" elapsed="21.198561"/>
</kw>
<kw name="Account Overview" owner="resources">
<kw name="Click Element" owner="SeleniumLibrary">
<msg time="2025-10-22T22:21:35.708009" level="INFO">Clicking element '//*[@id="accountTable"]/tbody/tr[1]/td[1]/a'.</msg>
<arg>${account}</arg>
<doc>Click the element identified by ``locator``.</doc>
<status status="PASS" start="2025-10-22T22:21:35.707009" elapsed="1.232258"/>
</kw>
<kw name="Sleep" owner="BuiltIn">
<msg time="2025-10-22T22:21:37.939572" level="INFO">Slept 1 second.</msg>
<arg>1s</arg>
<doc>Pauses the test executed for the given time.</doc>
<status status="PASS" start="2025-10-22T22:21:36.939267" elapsed="1.000305"/>
</kw>
<kw name="Click Element" owner="SeleniumLibrary">
<msg time="2025-10-22T22:21:37.940652" level="INFO">Clicking element '//*[@id="month"]'.</msg>
<arg>${activityPeriod}</arg>
<doc>Click the element identified by ``locator``.</doc>
<status status="PASS" start="2025-10-22T22:21:37.939572" elapsed="0.107075"/>
</kw>
<kw name="Select From List By Index" owner="SeleniumLibrary">
<msg time="2025-10-22T22:21:38.046647" level="INFO">Selecting options from selection list '//*[@id="month"]' by index 6.</msg>
<arg>${activityPeriod}</arg>
<arg>6</arg>
<doc>Selects options from selection list ``locator`` by ``indexes``.</doc>
<status status="PASS" start="2025-10-22T22:21:38.046647" elapsed="0.100595"/>
</kw>
<kw name="Sleep" owner="BuiltIn">
<msg time="2025-10-22T22:21:39.147991" level="INFO">Slept 1 second.</msg>
<arg>1s</arg>
<doc>Pauses the test executed for the given time.</doc>
<status status="PASS" start="2025-10-22T22:21:38.147242" elapsed="1.000749"/>
</kw>
<kw name="Select From List By Label" owner="SeleniumLibrary">
<msg time="2025-10-22T22:21:39.148918" level="INFO">Selecting options from selection list '//*[@id="transactionType"]' by label Credit.</msg>
<arg>${activityType}</arg>
<arg>Credit</arg>
<doc>Selects options from selection list ``locator`` by ``labels``.</doc>
<status status="PASS" start="2025-10-22T22:21:39.147991" elapsed="0.097248"/>
</kw>
<kw name="Sleep" owner="BuiltIn">
<msg time="2025-10-22T22:21:40.245813" level="INFO">Slept 1 second.</msg>
<arg>1s</arg>
<doc>Pauses the test executed for the given time.</doc>
<status status="PASS" start="2025-10-22T22:21:39.245239" elapsed="1.000574"/>
</kw>
<kw name="Click Element" owner="SeleniumLibrary">
<msg time="2025-10-22T22:21:40.246840" level="INFO">Clicking element '//*[@id="activityForm"]/table/tbody/tr[3]/td[2]/input'.</msg>
<arg>${goButton}</arg>
<doc>Click the element identified by ``locator``.</doc>
<status status="PASS" start="2025-10-22T22:21:40.245813" elapsed="0.074498"/>
</kw>
<kw name="Sleep" owner="BuiltIn">
<msg time="2025-10-22T22:21:42.320766" level="INFO">Slept 2 seconds.</msg>
<arg>2s</arg>
<doc>Pauses the test executed for the given time.</doc>
<status status="PASS" start="2025-10-22T22:21:40.320491" elapsed="2.000275"/>
</kw>
<kw name="Page Should Contain Element" owner="SeleniumLibrary">
<msg time="2025-10-22T22:21:42.358304" level="INFO">Current page contains element '//*[@id="accountActivity"]'.</msg>
<arg>${transactionsTable}</arg>
<doc>Verifies that element ``locator`` is found on the current page.</doc>
<status status="PASS" start="2025-10-22T22:21:42.320766" elapsed="0.037538"/>
</kw>
<kw name="Sleep" owner="BuiltIn">
<msg time="2025-10-22T22:21:45.358918" level="INFO">Slept 3 seconds.</msg>
<arg>3s</arg>
<doc>Pauses the test executed for the given time.</doc>
<status status="PASS" start="2025-10-22T22:21:42.358304" elapsed="3.000614"/>
</kw>
<status status="PASS" start="2025-10-22T22:21:35.706015" elapsed="9.652903"/>
</kw>
<kw name="Transfer funds" owner="resources">
<kw name="Click Element" owner="SeleniumLibrary">
<msg time="2025-10-22T22:21:45.360958" level="INFO">Clicking element '//*[@id="leftPanel"]/ul/li[3]/a'.</msg>
<arg>${transferFunds}</arg>
<doc>Click the element identified by ``locator``.</doc>
<status status="PASS" start="2025-10-22T22:21:45.360958" elapsed="3.387838"/>
</kw>
<kw name="Sleep" owner="BuiltIn">
<msg time="2025-10-22T22:21:49.749924" level="INFO">Slept 1 second.</msg>
<arg>1s</arg>
<doc>Pauses the test executed for the given time.</doc>
<status status="PASS" start="2025-10-22T22:21:48.748796" elapsed="1.001128"/>
</kw>
<kw name="Input Text" owner="SeleniumLibrary">
<msg time="2025-10-22T22:21:49.750862" level="INFO">Typing text '10000000' into text field '//*[@id="amount"]'.</msg>
<arg>${amount}</arg>
<arg>10000000</arg>
<doc>Types the given ``text`` into the text field identified by ``locator``.</doc>
<status status="PASS" start="2025-10-22T22:21:49.749924" elapsed="0.088162"/>
</kw>
<kw name="Sleep" owner="BuiltIn">
<msg time="2025-10-22T22:21:50.839190" level="INFO">Slept 1 second.</msg>
<arg>1s</arg>
<doc>Pauses the test executed for the given time.</doc>
<status status="PASS" start="2025-10-22T22:21:49.838086" elapsed="1.001104"/>
</kw>
<kw name="Click Element" owner="SeleniumLibrary">
<msg time="2025-10-22T22:21:50.840220" level="INFO">Clicking element '//*[@id="leftPanel"]/ul/li[3]/a'.</msg>
<arg>${transfer}</arg>
<doc>Click the element identified by ``locator``.</doc>
<status status="PASS" start="2025-10-22T22:21:50.839190" elapsed="1.733550"/>
</kw>
<kw name="Sleep" owner="BuiltIn">
<msg time="2025-10-22T22:21:55.573566" level="INFO">Slept 3 seconds.</msg>
<arg>3s</arg>
<doc>Pauses the test executed for the given time.</doc>
<status status="PASS" start="2025-10-22T22:21:52.572740" elapsed="3.000826"/>
</kw>
<status status="PASS" start="2025-10-22T22:21:45.359891" elapsed="10.213675"/>
</kw>
<kw name="Find Transactions" owner="resources">
<kw name="Click Element" owner="SeleniumLibrary">
<msg time="2025-10-22T22:21:55.575536" level="INFO">Clicking element '//*[@id="leftPanel"]/ul/li[5]/a'.</msg>
<arg>${findTransaction}</arg>
<doc>Click the element identified by ``locator``.</doc>
<status status="PASS" start="2025-10-22T22:21:55.575536" elapsed="0.588716"/>
</kw>
<kw name="Sleep" owner="BuiltIn">
<msg time="2025-10-22T22:21:57.165497" level="INFO">Slept 1 second.</msg>
<arg>1s</arg>
<doc>Pauses the test executed for the given time.</doc>
<status status="PASS" start="2025-10-22T22:21:56.164252" elapsed="1.001245"/>
</kw>
<kw name="Input Text" owner="SeleniumLibrary">
<msg time="2025-10-22T22:21:57.166409" level="INFO">Typing text '23-10-2010' into text field '//*[@id="transactionDate"]'.</msg>
<arg>${findTransactionByDate}</arg>
<arg>23-10-2010</arg>
<doc>Types the given ``text`` into the text field identified by ``locator``.</doc>
<status status="PASS" start="2025-10-22T22:21:57.165497" elapsed="0.088308"/>
</kw>
<kw name="Sleep" owner="BuiltIn">
<msg time="2025-10-22T22:21:58.254116" level="INFO">Slept 1 second.</msg>
<arg>1s</arg>
<doc>Pauses the test executed for the given time.</doc>
<status status="PASS" start="2025-10-22T22:21:57.253805" elapsed="1.000311"/>
</kw>
<kw name="Click Element" owner="SeleniumLibrary">
<msg time="2025-10-22T22:21:58.255197" level="INFO">Clicking element '//*[@id="findByDate"]'.</msg>
<arg>${find}</arg>
<doc>Click the element identified by ``locator``.</doc>
<status status="PASS" start="2025-10-22T22:21:58.254116" elapsed="0.078294"/>
</kw>
<status status="PASS" start="2025-10-22T22:21:55.574486" elapsed="2.758426"/>
</kw>
<kw name="Log out" owner="resources">
<kw name="Click Element" owner="SeleniumLibrary">
<msg time="2025-10-22T22:21:58.334055" level="INFO">Clicking element '//*[@id="leftPanel"]/ul/li[8]/a'.</msg>
<arg>${logOut}</arg>
<doc>Click the element identified by ``locator``.</doc>
<status status="PASS" start="2025-10-22T22:21:58.332912" elapsed="2.181241"/>
</kw>
<kw name="Sleep" owner="BuiltIn">
<msg time="2025-10-22T22:22:03.514562" level="INFO">Slept 3 seconds.</msg>
<arg>3s</arg>
<doc>Pauses the test executed for the given time.</doc>
<status status="PASS" start="2025-10-22T22:22:00.514153" elapsed="3.000409"/>
</kw>
<status status="PASS" start="2025-10-22T22:21:58.332912" elapsed="5.181650"/>
</kw>
<status status="PASS" start="2025-10-22T22:20:57.212229" elapsed="66.303318"/>
</test>
<kw name="Close Browser" owner="resources" type="TEARDOWN">
<kw name="Close All Browsers" owner="SeleniumLibrary">
<doc>Closes all open browsers and resets the browser cache.</doc>
<status status="PASS" start="2025-10-22T22:22:03.518555" elapsed="4.555085"/>
</kw>
<status status="PASS" start="2025-10-22T22:22:03.517548" elapsed="4.556092"/>
</kw>
<status status="PASS" start="2025-10-22T22:20:56.876997" elapsed="71.196643"/>
</suite>
<statistics>
<total>
<stat pass="1" fail="0" skip="0">All Tests</stat>
</total>
<tag>
</tag>
<suite>
<stat name="Test" id="s1" pass="1" fail="0" skip="0">Test</stat>
</suite>
</statistics>
<errors>
</errors>
</robot>
